<?xml version="1.0" encoding="UTF-8"?>
<testsuite name="com.gayathri.tigercard.TigercardApplicationTests" tests="1" skipped="0" failures="0" errors="0" timestamp="2021-04-25T13:10:28" hostname="INL1BL1MH2" time="0.784">
  <properties/>
  <testcase name="contextLoads()" classname="com.gayathri.tigercard.TigercardApplicationTests" time="0.784"/>
  <system-out><![CDATA[18:40:22.450 [Test worker] DEBUG org.springframework.test.context.BootstrapUtils - Instantiating CacheAwareContextLoaderDelegate from class [org.springframework.test.context.cache.DefaultCacheAwareContextLoaderDelegate]
18:40:22.481 [Test worker] DEBUG org.springframework.test.context.BootstrapUtils - Instantiating BootstrapContext using constructor [public org.springframework.test.context.support.DefaultBootstrapContext(java.lang.Class,org.springframework.test.context.CacheAwareContextLoaderDelegate)]
18:40:22.549 [Test worker] DEBUG org.springframework.test.context.BootstrapUtils - Instantiating TestContextBootstrapper for test class [com.gayathri.tigercard.TigercardApplicationTests] from class [org.springframework.boot.test.context.SpringBootTestContextBootstrapper]
18:40:22.565 [Test worker] INFO org.springframework.boot.test.context.SpringBootTestContextBootstrapper - Neither @ContextConfiguration nor @ContextHierarchy found for test class [com.gayathri.tigercard.TigercardApplicationTests], using SpringBootContextLoader
18:40:22.572 [Test worker] DEBUG org.springframework.test.context.support.AbstractContextLoader - Did not detect default resource location for test class [com.gayathri.tigercard.TigercardApplicationTests]: class path resource [com/gayathri/tigercard/TigercardApplicationTests-context.xml] does not exist
18:40:22.573 [Test worker] DEBUG org.springframework.test.context.support.AbstractContextLoader - Did not detect default resource location for test class [com.gayathri.tigercard.TigercardApplicationTests]: class path resource [com/gayathri/tigercard/TigercardApplicationTestsContext.groovy] does not exist
18:40:22.574 [Test worker] INFO org.springframework.test.context.support.AbstractContextLoader - Could not detect default resource locations for test class [com.gayathri.tigercard.TigercardApplicationTests]: no resource found for suffixes {-context.xml, Context.groovy}.
18:40:22.576 [Test worker] INFO org.springframework.test.context.support.AnnotationConfigContextLoaderUtils - Could not detect default configuration classes for test class [com.gayathri.tigercard.TigercardApplicationTests]: TigercardApplicationTests does not declare any static, non-private, non-final, nested classes annotated with @Configuration.
18:40:22.659 [Test worker] DEBUG org.springframework.test.context.support.ActiveProfilesUtils - Could not find an 'annotation declaring class' for annotation type [org.springframework.test.context.ActiveProfiles] and class [com.gayathri.tigercard.TigercardApplicationTests]
18:40:22.849 [Test worker] DEBUG org.springframework.context.annotation.ClassPathScanningCandidateComponentProvider - Identified candidate component class: file [C:\Gayathri\learning\tigercard-code\build\classes\java\main\com\gayathri\tigercard\TigercardApplication.class]
18:40:22.852 [Test worker] INFO org.springframework.boot.test.context.SpringBootTestContextBootstrapper - Found @SpringBootConfiguration com.gayathri.tigercard.TigercardApplication for test class com.gayathri.tigercard.TigercardApplicationTests
18:40:23.059 [Test worker] DEBUG org.springframework.boot.test.context.SpringBootTestContextBootstrapper - @TestExecutionListeners is not present for class [com.gayathri.tigercard.TigercardApplicationTests]: using defaults.
18:40:23.061 [Test worker] INFO org.springframework.boot.test.context.SpringBootTestContextBootstrapper - Loaded default TestExecutionListener class names from location [META-INF/spring.factories]: [org.springframework.boot.test.autoconfigure.restdocs.RestDocsTestExecutionListener, org.springframework.boot.test.autoconfigure.web.client.MockRestServiceServerResetTestExecutionListener, org.springframework.boot.test.autoconfigure.web.servlet.MockMvcPrintOnlyOnFailureTestExecutionListener, org.springframework.boot.test.autoconfigure.web.servlet.WebDriverTestExecutionListener, org.springframework.boot.test.autoconfigure.webservices.client.MockWebServiceServerTestExecutionListener, org.springframework.boot.test.mock.mockito.MockitoTestExecutionListener, org.springframework.boot.test.mock.mockito.ResetMocksTestExecutionListener, org.springframework.test.context.web.ServletTestExecutionListener, org.springframework.test.context.support.DirtiesContextBeforeModesTestExecutionListener, org.springframework.test.context.event.ApplicationEventsTestExecutionListener, org.springframework.test.context.support.DependencyInjectionTestExecutionListener, org.springframework.test.context.support.DirtiesContextTestExecutionListener, org.springframework.test.context.transaction.TransactionalTestExecutionListener, org.springframework.test.context.jdbc.SqlScriptsTestExecutionListener, org.springframework.test.context.event.EventPublishingTestExecutionListener]
18:40:23.082 [Test worker] DEBUG org.springframework.boot.test.context.SpringBootTestContextBootstrapper - Skipping candidate TestExecutionListener [org.springframework.test.context.web.ServletTestExecutionListener] due to a missing dependency. Specify custom listener classes or make the default listener classes and their required dependencies available. Offending class: [javax/servlet/ServletContext]
18:40:23.114 [Test worker] INFO org.springframework.boot.test.context.SpringBootTestContextBootstrapper - Using TestExecutionListeners: [org.springframework.test.context.support.DirtiesContextBeforeModesTestExecutionListener@30177013, org.springframework.test.context.event.ApplicationEventsTestExecutionListener@24e6f60a, org.springframework.boot.test.mock.mockito.MockitoTestExecutionListener@2210c8c5, org.springframework.boot.test.autoconfigure.SpringBootDependencyInjectionTestExecutionListener@760dc8a7, org.springframework.test.context.support.DirtiesContextTestExecutionListener@7d91a99d, org.springframework.test.context.transaction.TransactionalTestExecutionListener@6ed44683, org.springframework.test.context.jdbc.SqlScriptsTestExecutionListener@4aa6ed7c, org.springframework.test.context.event.EventPublishingTestExecutionListener@52764c7f, org.springframework.boot.test.autoconfigure.restdocs.RestDocsTestExecutionListener@22dbdaed, org.springframework.boot.test.autoconfigure.web.client.MockRestServiceServerResetTestExecutionListener@6e77606b, org.springframework.boot.test.autoconfigure.web.servlet.MockMvcPrintOnlyOnFailureTestExecutionListener@1347add4, org.springframework.boot.test.autoconfigure.web.servlet.WebDriverTestExecutionListener@73b21e77, org.springframework.boot.test.autoconfigure.webservices.client.MockWebServiceServerTestExecutionListener@f42ae5e, org.springframework.boot.test.mock.mockito.ResetMocksTestExecutionListener@5ae3f3e5]
18:40:23.120 [Test worker] DEBUG org.springframework.test.context.support.AbstractDirtiesContextTestExecutionListener - Before test class: context [DefaultTestContext@eabba75 testClass = TigercardApplicationTests, testInstance = [null], testMethod = [null], testException = [null], mergedContextConfiguration = [ReactiveWebMergedContextConfiguration@7b37fdc6 testClass = TigercardApplicationTests, locations = '{}', classes = '{class com.gayathri.tigercard.TigercardApplication}', contextInitializerClasses = '[]', activeProfiles = '{}', propertySourceLocations = '{}', propertySourceProperties = '{org.springframework.boot.test.context.SpringBootTestContextBootstrapper=true}', contextCustomizers = set[org.springframework.boot.test.autoconfigure.actuate.metrics.MetricsExportContextCustomizerFactory$DisableMetricExportContextCustomizer@2e8fb227, org.springframework.boot.test.autoconfigure.properties.PropertyMappingContextCustomizer@0, org.springframework.boot.test.autoconfigure.web.servlet.WebDriverContextCustomizerFactory$Customizer@10357bea, org.springframework.boot.test.context.filter.ExcludeFilterContextCustomizer@240a32f4, org.springframework.boot.test.json.DuplicateJsonObjectContextCustomizerFactory$DuplicateJsonObjectContextCustomizer@13bcb2ad, org.springframework.boot.test.mock.mockito.MockitoContextCustomizer@0, org.springframework.boot.test.web.client.TestRestTemplateContextCustomizer@24c8ee8b, org.springframework.boot.test.web.reactive.server.WebTestClientContextCustomizer@56f240e6, org.springframework.boot.test.context.SpringBootTestArgs@1, org.springframework.boot.test.context.SpringBootTestWebEnvironment@26594abb], contextLoader = 'org.springframework.boot.test.context.SpringBootContextLoader', parent = [null]], attributes = map[[empty]]], class annotated with @DirtiesContext [false] with mode [null].
18:40:23.139 [Test worker] DEBUG org.springframework.test.context.support.DependencyInjectionTestExecutionListener - Performing dependency injection for test context [[DefaultTestContext@eabba75 testClass = TigercardApplicationTests, testInstance = com.gayathri.tigercard.TigercardApplicationTests@17c69ecd, testMethod = [null], testException = [null], mergedContextConfiguration = [ReactiveWebMergedContextConfiguration@7b37fdc6 testClass = TigercardApplicationTests, locations = '{}', classes = '{class com.gayathri.tigercard.TigercardApplication}', contextInitializerClasses = '[]', activeProfiles = '{}', propertySourceLocations = '{}', propertySourceProperties = '{org.springframework.boot.test.context.SpringBootTestContextBootstrapper=true}', contextCustomizers = set[org.springframework.boot.test.autoconfigure.actuate.metrics.MetricsExportContextCustomizerFactory$DisableMetricExportContextCustomizer@2e8fb227, org.springframework.boot.test.autoconfigure.properties.PropertyMappingContextCustomizer@0, org.springframework.boot.test.autoconfigure.web.servlet.WebDriverContextCustomizerFactory$Customizer@10357bea, org.springframework.boot.test.context.filter.ExcludeFilterContextCustomizer@240a32f4, org.springframework.boot.test.json.DuplicateJsonObjectContextCustomizerFactory$DuplicateJsonObjectContextCustomizer@13bcb2ad, org.springframework.boot.test.mock.mockito.MockitoContextCustomizer@0, org.springframework.boot.test.web.client.TestRestTemplateContextCustomizer@24c8ee8b, org.springframework.boot.test.web.reactive.server.WebTestClientContextCustomizer@56f240e6, org.springframework.boot.test.context.SpringBootTestArgs@1, org.springframework.boot.test.context.SpringBootTestWebEnvironment@26594abb], contextLoader = 'org.springframework.boot.test.context.SpringBootContextLoader', parent = [null]], attributes = map['org.springframework.test.context.event.ApplicationEventsTestExecutionListener.recordApplicationEvents' -> false]]].
18:40:23.189 [Test worker] DEBUG org.springframework.test.context.support.TestPropertySourceUtils - Adding inlined properties to environment: {spring.jmx.enabled=false, org.springframework.boot.test.context.SpringBootTestContextBootstrapper=true}

  .   ____          _            __ _ _
 /\\ / ___'_ __ _ _(_)_ __  __ _ \ \ \ \
( ( )\___ | '_ | '_| | '_ \/ _` | \ \ \ \
 \\/  ___)| |_)| | | | | || (_| |  ) ) ) )
  '  |____| .__|_| |_|_| |_\__, | / / / /
 =========|_|==============|___/=/_/_/_/
 :: Spring Boot ::                (v2.4.5)

2021-04-25 18:40:23.682  INFO 19864 --- [    Test worker] c.g.tigercard.TigercardApplicationTests  : Starting TigercardApplicationTests using Java 11.0.11 on INL1BL1MH2 with PID 19864 (started by krga9002 in C:\Gayathri\learning\tigercard-code)
2021-04-25 18:40:23.693  INFO 19864 --- [    Test worker] c.g.tigercard.TigercardApplicationTests  : No active profile set, falling back to default profiles: default
2021-04-25 18:40:25.062  INFO 19864 --- [    Test worker] .s.d.r.c.RepositoryConfigurationDelegate : Bootstrapping Spring Data MongoDB repositories in DEFAULT mode.
2021-04-25 18:40:25.099  INFO 19864 --- [    Test worker] .s.d.r.c.RepositoryConfigurationDelegate : Finished Spring Data repository scanning in 29 ms. Found 0 MongoDB repository interfaces.
2021-04-25 18:40:27.299  INFO 19864 --- [    Test worker] org.mongodb.driver.cluster               : Cluster created with settings {hosts=[localhost:27017], mode=SINGLE, requiredClusterType=UNKNOWN, serverSelectionTimeout='30000 ms'}
2021-04-25 18:40:27.495  INFO 19864 --- [localhost:27017] org.mongodb.driver.connection            : Opened connection [connectionId{localValue:2, serverValue:2}] to localhost:27017
2021-04-25 18:40:27.495  INFO 19864 --- [localhost:27017] org.mongodb.driver.connection            : Opened connection [connectionId{localValue:1, serverValue:1}] to localhost:27017
2021-04-25 18:40:27.499  INFO 19864 --- [localhost:27017] org.mongodb.driver.cluster               : Monitor thread successfully connected to server with description ServerDescription{address=localhost:27017, type=STANDALONE, state=CONNECTED, ok=true, minWireVersion=0, maxWireVersion=8, maxDocumentSize=16777216, logicalSessionTimeoutMinutes=30, roundTripTimeNanos=70289300}
2021-04-25 18:40:28.035  INFO 19864 --- [    Test worker] c.g.tigercard.TigercardApplicationTests  : Started TigercardApplicationTests in 4.829 seconds (JVM running for 8.051)
]]></system-out>
  <system-err><![CDATA[]]></system-err>
</testsuite>
