<?xml version="1.0" encoding="UTF-8"?>
<testsuite name="com.gayathri.tigercard.TigercardRouterTest" tests="1" skipped="0" failures="0" errors="0" timestamp="2021-04-25T13:10:33" hostname="INL1BL1MH2" time="1.71">
  <properties/>
  <testcase name="testHello()" classname="com.gayathri.tigercard.TigercardRouterTest" time="1.71"/>
  <system-out><![CDATA[2021-04-25 18:40:28.840  INFO 19864 --- [    Test worker] .b.t.c.SpringBootTestContextBootstrapper : Neither @ContextConfiguration nor @ContextHierarchy found for test class [com.gayathri.tigercard.TigercardRouterTest], using SpringBootContextLoader
2021-04-25 18:40:28.842  INFO 19864 --- [    Test worker] o.s.t.c.support.AbstractContextLoader    : Could not detect default resource locations for test class [com.gayathri.tigercard.TigercardRouterTest]: no resource found for suffixes {-context.xml, Context.groovy}.
2021-04-25 18:40:28.842  INFO 19864 --- [    Test worker] t.c.s.AnnotationConfigContextLoaderUtils : Could not detect default configuration classes for test class [com.gayathri.tigercard.TigercardRouterTest]: TigercardRouterTest does not declare any static, non-private, non-final, nested classes annotated with @Configuration.
2021-04-25 18:40:28.846  INFO 19864 --- [    Test worker] .b.t.c.SpringBootTestContextBootstrapper : Found @SpringBootConfiguration com.gayathri.tigercard.TigercardApplication for test class com.gayathri.tigercard.TigercardRouterTest
2021-04-25 18:40:28.851  INFO 19864 --- [    Test worker] .b.t.c.SpringBootTestContextBootstrapper : Loaded default TestExecutionListener class names from location [META-INF/spring.factories]: [org.springframework.boot.test.autoconfigure.restdocs.RestDocsTestExecutionListener, org.springframework.boot.test.autoconfigure.web.client.MockRestServiceServerResetTestExecutionListener, org.springframework.boot.test.autoconfigure.web.servlet.MockMvcPrintOnlyOnFailureTestExecutionListener, org.springframework.boot.test.autoconfigure.web.servlet.WebDriverTestExecutionListener, org.springframework.boot.test.autoconfigure.webservices.client.MockWebServiceServerTestExecutionListener, org.springframework.boot.test.mock.mockito.MockitoTestExecutionListener, org.springframework.boot.test.mock.mockito.ResetMocksTestExecutionListener, org.springframework.test.context.web.ServletTestExecutionListener, org.springframework.test.context.support.DirtiesContextBeforeModesTestExecutionListener, org.springframework.test.context.event.ApplicationEventsTestExecutionListener, org.springframework.test.context.support.DependencyInjectionTestExecutionListener, org.springframework.test.context.support.DirtiesContextTestExecutionListener, org.springframework.test.context.transaction.TransactionalTestExecutionListener, org.springframework.test.context.jdbc.SqlScriptsTestExecutionListener, org.springframework.test.context.event.EventPublishingTestExecutionListener]
2021-04-25 18:40:28.853  INFO 19864 --- [    Test worker] .b.t.c.SpringBootTestContextBootstrapper : Using TestExecutionListeners: [org.springframework.test.context.support.DirtiesContextBeforeModesTestExecutionListener@3968e584, org.springframework.test.context.event.ApplicationEventsTestExecutionListener@79c8508b, org.springframework.boot.test.mock.mockito.MockitoTestExecutionListener@5c2981eb, org.springframework.boot.test.autoconfigure.SpringBootDependencyInjectionTestExecutionListener@98558d4, org.springframework.test.context.support.DirtiesContextTestExecutionListener@773fc8a5, org.springframework.test.context.transaction.TransactionalTestExecutionListener@4c4882c1, org.springframework.test.context.jdbc.SqlScriptsTestExecutionListener@5cfe747a, org.springframework.test.context.event.EventPublishingTestExecutionListener@7f1ed4c9, org.springframework.boot.test.autoconfigure.restdocs.RestDocsTestExecutionListener@76ed416f, org.springframework.boot.test.autoconfigure.web.client.MockRestServiceServerResetTestExecutionListener@7ebb8bf9, org.springframework.boot.test.autoconfigure.web.servlet.MockMvcPrintOnlyOnFailureTestExecutionListener@51c96df0, org.springframework.boot.test.autoconfigure.web.servlet.WebDriverTestExecutionListener@58f8539c, org.springframework.boot.test.autoconfigure.webservices.client.MockWebServiceServerTestExecutionListener@448287d5, org.springframework.boot.test.mock.mockito.ResetMocksTestExecutionListener@664438ff]

  .   ____          _            __ _ _
 /\\ / ___'_ __ _ _(_)_ __  __ _ \ \ \ \
( ( )\___ | '_ | '_| | '_ \/ _` | \ \ \ \
 \\/  ___)| |_)| | | | | || (_| |  ) ) ) )
  '  |____| .__|_| |_|_| |_\__, | / / / /
 =========|_|==============|___/=/_/_/_/
 :: Spring Boot ::                (v2.4.5)

2021-04-25 18:40:28.952  INFO 19864 --- [    Test worker] c.g.tigercard.TigercardRouterTest        : Starting TigercardRouterTest using Java 11.0.11 on INL1BL1MH2 with PID 19864 (started by krga9002 in C:\Gayathri\learning\tigercard-code)
2021-04-25 18:40:28.957  INFO 19864 --- [    Test worker] c.g.tigercard.TigercardRouterTest        : No active profile set, falling back to default profiles: default
2021-04-25 18:40:29.384  INFO 19864 --- [    Test worker] .s.d.r.c.RepositoryConfigurationDelegate : Bootstrapping Spring Data MongoDB repositories in DEFAULT mode.
2021-04-25 18:40:29.391  INFO 19864 --- [    Test worker] .s.d.r.c.RepositoryConfigurationDelegate : Finished Spring Data repository scanning in 6 ms. Found 0 MongoDB repository interfaces.
2021-04-25 18:40:30.427  INFO 19864 --- [    Test worker] org.mongodb.driver.cluster               : Cluster created with settings {hosts=[localhost:27017], mode=SINGLE, requiredClusterType=UNKNOWN, serverSelectionTimeout='30000 ms'}
2021-04-25 18:40:30.504  INFO 19864 --- [localhost:27017] org.mongodb.driver.connection            : Opened connection [connectionId{localValue:4, serverValue:3}] to localhost:27017
2021-04-25 18:40:30.511  INFO 19864 --- [localhost:27017] org.mongodb.driver.connection            : Opened connection [connectionId{localValue:3, serverValue:4}] to localhost:27017
2021-04-25 18:40:30.513  INFO 19864 --- [localhost:27017] org.mongodb.driver.cluster               : Monitor thread successfully connected to server with description ServerDescription{address=localhost:27017, type=STANDALONE, state=CONNECTED, ok=true, minWireVersion=0, maxWireVersion=8, maxDocumentSize=16777216, logicalSessionTimeoutMinutes=30, roundTripTimeNanos=2523000}
2021-04-25 18:40:33.695  INFO 19864 --- [    Test worker] o.s.b.web.embedded.netty.NettyWebServer  : Netty started on port 60011
2021-04-25 18:40:33.701  INFO 19864 --- [    Test worker] c.g.tigercard.TigercardRouterTest        : Started TigercardRouterTest in 4.84 seconds (JVM running for 13.717)
]]></system-out>
  <system-err><![CDATA[]]></system-err>
</testsuite>
